2023-12-15 16:38:49  WM_QUERYENDSESSION (lParam: 0 - ordinary system shutdown/restart) =====================================
2023-12-15 16:38:49  WM_ENDSESSION (wParam: TRUE, lParam: 0 - ordinary system shutdown/restart)
2023-12-15 16:38:50  C:\npp-ide\Configurations\config.xml is opened.
2023-12-15 16:38:50  C:\npp-ide\Configurations\config.xml  9492/9492 bytes are written.
2023-12-15 16:38:50  C:\npp-ide\Configurations\config.xml is closed.
2023-12-15 16:38:50  C:\Users\A488466\AppData\Roaming\Notepad++\session.xml is opened.
2023-12-15 16:38:50  C:\Users\A488466\AppData\Roaming\Notepad++\session.xml  193/193 bytes are written.
2023-12-15 16:38:50  C:\Users\A488466\AppData\Roaming\Notepad++\session.xml is closed.
2023-12-15 16:38:50  WM_DESTROY (isEndSessionStarted == true)
2023-12-19 10:27:54  WM_QUERYENDSESSION (lParam: 0 - ordinary system shutdown/restart) =====================================
2023-12-19 10:27:54  WM_ENDSESSION (wParam: TRUE, lParam: 0 - ordinary system shutdown/restart)
2023-12-19 10:27:54  C:\npp-ide\Configurations\config.xml is opened.
2023-12-19 10:27:54  C:\npp-ide\Configurations\config.xml  9785/9785 bytes are written.
2023-12-19 10:27:54  C:\npp-ide\Configurations\config.xml is closed.
2023-12-19 10:27:54  C:\Users\A488466\AppData\Roaming\Notepad++\session.xml is opened.
2023-12-19 10:27:54  C:\Users\A488466\AppData\Roaming\Notepad++\session.xml  2088/2088 bytes are written.
2023-12-19 10:27:54  C:\Users\A488466\AppData\Roaming\Notepad++\session.xml is closed.
2023-12-20 19:15:48  WM_QUERYENDSESSION (lParam: 0 - ordinary system shutdown/restart) =====================================
2023-12-20 19:15:48  WM_ENDSESSION (wParam: TRUE, lParam: 0 - ordinary system shutdown/restart)
2023-12-20 19:15:48  C:\npp-ide\Configurations\config.xml is opened.
2023-12-20 19:15:48  C:\npp-ide\Configurations\config.xml  10472/10472 bytes are written.
2023-12-20 19:15:48  C:\npp-ide\Configurations\config.xml is closed.
2023-12-20 19:15:48  C:\Users\A488466\AppData\Roaming\Notepad++\session.xml is opened.
2023-12-20 19:15:48  C:\Users\A488466\AppData\Roaming\Notepad++\session.xml  1428/1428 bytes are written.
2023-12-20 19:15:48  C:\Users\A488466\AppData\Roaming\Notepad++\session.xml is closed.
2023-12-20 19:15:48  WM_DESTROY (isEndSessionStarted == true)
2024-01-11 13:03:56  WM_QUERYENDSESSION (lParam: 0 - ordinary system shutdown/restart) =====================================
2024-01-11 13:03:57  WM_ENDSESSION (wParam: TRUE, lParam: 0 - ordinary system shutdown/restart)
2024-01-11 13:03:57  C:\npp-ide\Configurations\config.xml is opened.
2024-01-11 13:03:57  C:\npp-ide\Configurations\config.xml  10469/10469 bytes are written.
2024-01-11 13:03:57  C:\npp-ide\Configurations\config.xml is closed.
2024-01-11 13:03:57  C:\Users\A488466\AppData\Roaming\Notepad++\session.xml is opened.
2024-01-11 13:03:57  C:\Users\A488466\AppData\Roaming\Notepad++\session.xml  2065/2065 bytes are written.
2024-01-11 13:03:57  C:\Users\A488466\AppData\Roaming\Notepad++\session.xml is closed.
2024-01-11 18:49:36  WM_QUERYENDSESSION (lParam: 0 - ordinary system shutdown/restart) =====================================
2024-01-11 18:49:36  WM_ENDSESSION (wParam: TRUE, lParam: 0 - ordinary system shutdown/restart)
2024-01-11 18:49:36  C:\npp-ide\Configurations\config.xml is opened.
2024-01-11 18:49:36  C:\npp-ide\Configurations\config.xml  10335/10335 bytes are written.
2024-01-11 18:49:36  C:\npp-ide\Configurations\config.xml is closed.
2024-01-11 18:49:36  C:\Users\A488466\AppData\Roaming\Notepad++\session.xml is opened.
2024-01-11 18:49:36  C:\Users\A488466\AppData\Roaming\Notepad++\session.xml  1428/1428 bytes are written.
2024-01-11 18:49:36  C:\Users\A488466\AppData\Roaming\Notepad++\session.xml is closed.
2024-01-11 18:49:36  WM_DESTROY (isEndSessionStarted == true)
2024-01-16 09:54:15  WM_QUERYENDSESSION (lParam: 0 - ordinary system shutdown/restart) =====================================
2024-01-16 09:54:15  WM_ENDSESSION (wParam: TRUE, lParam: 0 - ordinary system shutdown/restart)
2024-01-16 09:54:15  C:\npp-ide\Configurations\config.xml is opened.
2024-01-16 09:54:15  C:\npp-ide\Configurations\config.xml  10405/10405 bytes are written.
2024-01-16 09:54:15  C:\npp-ide\Configurations\config.xml is closed.
2024-01-16 09:54:15  C:\Users\A488466\AppData\Roaming\Notepad++\session.xml is opened.
2024-01-16 09:54:15  C:\Users\A488466\AppData\Roaming\Notepad++\session.xml  3862/3862 bytes are written.
2024-01-16 09:54:15  C:\Users\A488466\AppData\Roaming\Notepad++\session.xml is closed.
2024-01-18 17:36:26  WM_QUERYENDSESSION (lParam: 1073741825 - ENDSESSION_CLOSEAPP - ENDSESSION_CRITICAL) =====================================
2024-01-18 17:36:26  WM_ENDSESSION (wParam: TRUE, lParam: 1073741825 - ENDSESSION_CLOSEAPP - ENDSESSION_CRITICAL)
2024-01-18 17:36:26  C:\npp-ide\Configurations\config.xml is opened.
2024-01-18 17:36:26  C:\npp-ide\Configurations\config.xml  10776/10776 bytes are written.
2024-01-18 17:36:26  C:\npp-ide\Configurations\config.xml is closed.
2024-01-18 17:36:26  C:\Users\A488466\AppData\Roaming\Notepad++\session.xml is opened.
2024-01-18 17:36:26  C:\Users\A488466\AppData\Roaming\Notepad++\session.xml  3862/3862 bytes are written.
2024-01-18 17:36:26  C:\Users\A488466\AppData\Roaming\Notepad++\session.xml is closed.
2024-01-18 17:36:26  WM_DESTROY (isEndSessionStarted == true)
2024-01-18 20:42:21  WM_QUERYENDSESSION (lParam: 0 - ordinary system shutdown/restart) =====================================
2024-01-18 20:42:21  WM_ENDSESSION (wParam: TRUE, lParam: 0 - ordinary system shutdown/restart)
2024-01-18 20:42:21  C:\npp-ide\Configurations\config.xml is opened.
2024-01-18 20:42:21  C:\npp-ide\Configurations\config.xml  10777/10777 bytes are written.
2024-01-18 20:42:21  C:\npp-ide\Configurations\config.xml is closed.
2024-01-18 20:42:21  C:\Users\A488466\AppData\Roaming\Notepad++\session.xml is opened.
2024-01-18 20:42:21  C:\Users\A488466\AppData\Roaming\Notepad++\session.xml  3862/3862 bytes are written.
2024-01-18 20:42:21  C:\Users\A488466\AppData\Roaming\Notepad++\session.xml is closed.
2024-01-18 20:42:21  WM_DESTROY (isEndSessionStarted == true)
2024-01-22 10:01:44  WM_QUERYENDSESSION (lParam: 0 - ordinary system shutdown/restart) =====================================
2024-01-22 10:01:44  WM_ENDSESSION (wParam: TRUE, lParam: 0 - ordinary system shutdown/restart)
2024-01-22 10:01:44  C:\npp-ide\Configurations\config.xml is opened.
2024-01-22 10:01:44  C:\npp-ide\Configurations\config.xml  10557/10557 bytes are written.
2024-01-22 10:01:44  C:\npp-ide\Configurations\config.xml is closed.
2024-01-22 10:01:44  C:\Users\A488466\AppData\Roaming\Notepad++\session.xml is opened.
2024-01-22 10:01:44  C:\Users\A488466\AppData\Roaming\Notepad++\session.xml  5020/5020 bytes are written.
2024-01-22 10:01:44  C:\Users\A488466\AppData\Roaming\Notepad++\session.xml is closed.
2024-01-22 10:01:44  WM_DESTROY (isEndSessionStarted == true)
2024-02-15 08:51:39  WM_QUERYENDSESSION (lParam: 0 - ordinary system shutdown/restart) =====================================
2024-02-15 08:51:39  WM_ENDSESSION (wParam: TRUE, lParam: 0 - ordinary system shutdown/restart)
2024-02-15 08:51:40  C:\npp-ide\Configurations\config.xml is opened.
2024-02-15 08:51:40  C:\npp-ide\Configurations\config.xml  10644/10644 bytes are written.
2024-02-15 08:51:40  C:\npp-ide\Configurations\config.xml is closed.
2024-02-15 08:51:40  C:\Users\A488466\AppData\Roaming\Notepad++\session.xml is opened.
2024-02-15 08:51:40  C:\Users\A488466\AppData\Roaming\Notepad++\session.xml  4350/4350 bytes are written.
2024-02-15 08:51:40  C:\Users\A488466\AppData\Roaming\Notepad++\session.xml is closed.
2024-02-15 08:51:40  WM_DESTROY (isEndSessionStarted == true)
2024-02-22 19:18:25  WM_QUERYENDSESSION (lParam: 1073741825 - ENDSESSION_CLOSEAPP - ENDSESSION_CRITICAL) =====================================
2024-02-22 19:18:25  WM_ENDSESSION (wParam: TRUE, lParam: 1073741825 - ENDSESSION_CLOSEAPP - ENDSESSION_CRITICAL)
2024-02-22 19:18:25  C:\npp-ide\Configurations\config.xml is opened.
2024-02-22 19:18:25  C:\npp-ide\Configurations\config.xml  10517/10517 bytes are written.
2024-02-22 19:18:25  C:\npp-ide\Configurations\config.xml is closed.
2024-02-22 19:18:25  C:\Users\A488466\AppData\Roaming\Notepad++\session.xml is opened.
2024-02-22 19:18:25  C:\Users\A488466\AppData\Roaming\Notepad++\session.xml  2049/2049 bytes are written.
2024-02-22 19:18:25  C:\Users\A488466\AppData\Roaming\Notepad++\session.xml is closed.
2024-02-22 19:18:25  WM_DESTROY (isEndSessionStarted == true)
2024-02-29 09:12:48  WM_QUERYENDSESSION (lParam: 1073741824 - ENDSESSION_CRITICAL) =====================================
2024-02-29 09:12:48  WM_ENDSESSION (wParam: TRUE, lParam: 1073741824 - ENDSESSION_CRITICAL)
2024-02-29 09:12:50  C:\npp-ide\Configurations\config.xml is opened.
2024-02-29 09:12:50  C:\npp-ide\Configurations\config.xml  10641/10641 bytes are written.
2024-02-29 09:12:50  C:\npp-ide\Configurations\config.xml is closed.
2024-02-29 09:12:50  C:\Users\A488466\AppData\Roaming\Notepad++\session.xml is opened.
2024-02-29 09:12:50  C:\Users\A488466\AppData\Roaming\Notepad++\session.xml  1425/1425 bytes are written.
2024-02-29 09:12:50  C:\Users\A488466\AppData\Roaming\Notepad++\session.xml is closed.
2024-02-29 09:12:50  WM_DESTROY (isEndSessionStarted == true)
2024-03-01 08:38:17  WM_QUERYENDSESSION (lParam: 0 - ordinary system shutdown/restart) =====================================
2024-03-01 08:38:17  WM_ENDSESSION (wParam: TRUE, lParam: 0 - ordinary system shutdown/restart)
2024-03-01 08:38:17  C:\npp-ide\Configurations\config.xml is opened.
2024-03-01 08:38:17  C:\npp-ide\Configurations\config.xml  10635/10635 bytes are written.
2024-03-01 08:38:17  C:\npp-ide\Configurations\config.xml is closed.
2024-03-01 08:38:17  C:\Users\A488466\AppData\Roaming\Notepad++\session.xml is opened.
2024-03-01 08:38:17  C:\Users\A488466\AppData\Roaming\Notepad++\session.xml  4337/4337 bytes are written.
2024-03-01 08:38:17  C:\Users\A488466\AppData\Roaming\Notepad++\session.xml is closed.
2024-03-01 08:38:17  WM_DESTROY (isEndSessionStarted == true)
2024-03-08 10:37:20  WM_QUERYENDSESSION (lParam: 0 - ordinary system shutdown/restart) =====================================
2024-03-08 10:37:20  WM_ENDSESSION (wParam: TRUE, lParam: 0 - ordinary system shutdown/restart)
2024-03-08 10:37:20  C:\npp-ide\Configurations\config.xml is opened.
2024-03-08 10:37:20  C:\npp-ide\Configurations\config.xml  10662/10662 bytes are written.
2024-03-08 10:37:20  C:\npp-ide\Configurations\config.xml is closed.
2024-03-08 10:37:20  C:\Users\A488466\AppData\Roaming\Notepad++\session.xml is opened.
2024-03-08 10:37:20  C:\Users\A488466\AppData\Roaming\Notepad++\session.xml  4324/4324 bytes are written.
2024-03-08 10:37:20  C:\Users\A488466\AppData\Roaming\Notepad++\session.xml is closed.
2024-03-08 10:37:20  WM_DESTROY (isEndSessionStarted == true)
2024-03-12 15:25:40  WM_QUERYENDSESSION (lParam: 0 - ordinary system shutdown/restart) =====================================
2024-03-12 15:25:40  WM_ENDSESSION (wParam: TRUE, lParam: 0 - ordinary system shutdown/restart)
2024-03-12 15:25:41  C:\npp-ide\Configurations\config.xml is opened.
2024-03-12 15:25:41  C:\npp-ide\Configurations\config.xml  10650/10650 bytes are written.
2024-03-12 15:25:41  C:\npp-ide\Configurations\config.xml is closed.
2024-03-12 15:25:41  C:\Users\A488466\AppData\Roaming\Notepad++\session.xml is opened.
2024-03-12 15:25:41  C:\Users\A488466\AppData\Roaming\Notepad++\session.xml  795/795 bytes are written.
2024-03-12 15:25:41  C:\Users\A488466\AppData\Roaming\Notepad++\session.xml is closed.
2024-03-12 15:25:41  WM_DESTROY (isEndSessionStarted == true)
2024-03-22 09:01:16  WM_QUERYENDSESSION (lParam: 1073741825 - ENDSESSION_CLOSEAPP - ENDSESSION_CRITICAL) =====================================
2024-03-22 09:01:16  WM_ENDSESSION (wParam: TRUE, lParam: 1073741825 - ENDSESSION_CLOSEAPP - ENDSESSION_CRITICAL)
2024-03-22 09:01:17  C:\npp-ide\Configurations\config.xml is opened.
2024-03-22 09:01:17  C:\npp-ide\Configurations\config.xml  10723/10723 bytes are written.
2024-03-22 09:01:17  C:\npp-ide\Configurations\config.xml is closed.
2024-03-22 09:01:17  C:\Users\A488466\AppData\Roaming\Notepad++\session.xml is opened.
2024-03-22 09:01:17  C:\Users\A488466\AppData\Roaming\Notepad++\session.xml  4351/4351 bytes are written.
2024-03-22 09:01:17  C:\Users\A488466\AppData\Roaming\Notepad++\session.xml is closed.
2024-03-22 09:01:17  WM_DESTROY (isEndSessionStarted == true)
2024-03-23 12:44:35  WM_QUERYENDSESSION (lParam: 0 - ordinary system shutdown/restart) =====================================
2024-03-23 12:44:35  WM_ENDSESSION (wParam: TRUE, lParam: 0 - ordinary system shutdown/restart)
2024-03-23 12:44:36  C:\npp-ide\Configurations\config.xml is opened.
2024-03-23 12:44:36  C:\npp-ide\Configurations\config.xml  10589/10589 bytes are written.
2024-03-23 12:44:36  C:\npp-ide\Configurations\config.xml is closed.
2024-03-23 12:44:36  C:\Users\A488466\AppData\Roaming\Notepad++\session.xml is opened.
2024-03-23 12:44:36  C:\Users\A488466\AppData\Roaming\Notepad++\session.xml  4352/4352 bytes are written.
2024-03-23 12:44:36  C:\Users\A488466\AppData\Roaming\Notepad++\session.xml is closed.
2024-03-23 12:44:36  WM_DESTROY (isEndSessionStarted == true)
2024-03-30 20:00:16  WM_QUERYENDSESSION (lParam: 0 - ordinary system shutdown/restart) =====================================
2024-03-30 20:00:16  WM_ENDSESSION (wParam: TRUE, lParam: 0 - ordinary system shutdown/restart)
2024-03-30 20:00:17  C:\npp-ide\Configurations\config.xml is opened.
2024-03-30 20:00:17  C:\npp-ide\Configurations\config.xml  10864/10864 bytes are written.
2024-03-30 20:00:17  C:\npp-ide\Configurations\config.xml is closed.
2024-03-30 20:00:17  C:\Users\A488466\AppData\Roaming\Notepad++\session.xml is opened.
2024-03-30 20:00:17  C:\Users\A488466\AppData\Roaming\Notepad++\session.xml  4532/4532 bytes are written.
2024-03-30 20:00:17  C:\Users\A488466\AppData\Roaming\Notepad++\session.xml is closed.
2024-04-03 08:03:23  WM_QUERYENDSESSION (lParam: 0 - ordinary system shutdown/restart) =====================================
2024-04-03 08:03:23  WM_ENDSESSION (wParam: TRUE, lParam: 0 - ordinary system shutdown/restart)
2024-04-03 08:03:24  C:\npp-ide\Configurations\config.xml is opened.
2024-04-03 08:03:24  C:\npp-ide\Configurations\config.xml  10579/10579 bytes are written.
2024-04-03 08:03:24  C:\npp-ide\Configurations\config.xml is closed.
2024-04-03 08:03:24  C:\Users\A488466\AppData\Roaming\Notepad++\session.xml is opened.
2024-04-03 08:03:24  C:\Users\A488466\AppData\Roaming\Notepad++\session.xml  4419/4419 bytes are written.
2024-04-03 08:03:24  C:\Users\A488466\AppData\Roaming\Notepad++\session.xml is closed.
2024-04-03 08:03:24  WM_DESTROY (isEndSessionStarted == true)
2024-04-03 08:12:09  WM_QUERYENDSESSION (lParam: 0 - ordinary system shutdown/restart) =====================================
2024-04-03 08:12:09  WM_ENDSESSION (wParam: TRUE, lParam: 0 - ordinary system shutdown/restart)
2024-04-03 08:12:09  C:\npp-ide\Configurations\config.xml is opened.
2024-04-03 08:12:09  C:\npp-ide\Configurations\config.xml  10594/10594 bytes are written.
2024-04-03 08:12:09  C:\npp-ide\Configurations\config.xml is closed.
2024-04-03 08:12:09  C:\Users\A488466\AppData\Roaming\Notepad++\session.xml is opened.
2024-04-03 08:12:09  C:\Users\A488466\AppData\Roaming\Notepad++\session.xml  4418/4418 bytes are written.
2024-04-03 08:12:09  C:\Users\A488466\AppData\Roaming\Notepad++\session.xml is closed.
2024-04-03 08:12:09  WM_DESTROY (isEndSessionStarted == true)
2024-04-15 21:15:39  WM_QUERYENDSESSION (lParam: 0 - ordinary system shutdown/restart) =====================================
2024-04-15 21:15:39  WM_ENDSESSION (wParam: TRUE, lParam: 0 - ordinary system shutdown/restart)
2024-04-15 21:15:40  C:\npp-ide\Configurations\config.xml is opened.
2024-04-15 21:15:40  C:\npp-ide\Configurations\config.xml  10395/10395 bytes are written.
2024-04-15 21:15:40  C:\npp-ide\Configurations\config.xml is closed.
2024-04-15 21:15:40  C:\Users\A488466\AppData\Roaming\Notepad++\session.xml is opened.
2024-04-15 21:15:40  C:\Users\A488466\AppData\Roaming\Notepad++\session.xml  5403/5403 bytes are written.
2024-04-15 21:15:40  C:\Users\A488466\AppData\Roaming\Notepad++\session.xml is closed.
2024-04-15 21:15:40  WM_DESTROY (isEndSessionStarted == true)
2024-04-18 11:30:15  WM_QUERYENDSESSION (lParam: 0 - ordinary system shutdown/restart) =====================================
2024-04-18 11:30:15  WM_ENDSESSION (wParam: TRUE, lParam: 0 - ordinary system shutdown/restart)
2024-04-18 11:30:15  C:\npp-ide\Configurations\config.xml is opened.
2024-04-18 11:30:16  C:\npp-ide\Configurations\config.xml  10440/10440 bytes are written.
2024-04-18 11:30:16  C:\npp-ide\Configurations\config.xml is closed.
2024-04-18 11:30:16  C:\Users\A488466\AppData\Roaming\Notepad++\session.xml is opened.
2024-04-18 11:30:16  C:\Users\A488466\AppData\Roaming\Notepad++\session.xml  4279/4279 bytes are written.
2024-04-18 11:30:16  C:\Users\A488466\AppData\Roaming\Notepad++\session.xml is closed.
2024-04-18 11:30:16  WM_DESTROY (isEndSessionStarted == true)
